Using pre-set license
Built from '2020.3/release' branch; Version is '2020.3.34f1 (9a4c9c70452b) revision 10112156'; Using compiler version '192528614'; Build Type 'Release'
OS: 'Windows 11  (10.0.22621) 64bit Core' Language: 'en' Physical Memory: 7986 MB
BatchMode: 1, IsHumanControllingUs: 0, StartBugReporterOnCrash: 0, Is64bit: 1, IsPro: 0

COMMAND LINE ARGUMENTS:
C:\Program Files\Unity\Hub\Editor\2020.3.34f1\Editor\Unity.exe
-adb2
-batchMode
-noUpm
-name
AssetImportWorker0
-projectPath
C:/Users/werew/Desktop/Splat World/Splat-World-Beta/SplatWorld
-logFile
Logs/AssetImportWorker0.log
-srvPort
51581
Successfully changed project path to: C:/Users/werew/Desktop/Splat World/Splat-World-Beta/SplatWorld
C:/Users/werew/Desktop/Splat World/Splat-World-Beta/SplatWorld
Using Asset Import Pipeline V2.
Refreshing native plugins compatible for Editor in 539.19 ms, found 2 plugins.
Preloading 0 native plugins for Editor in 0.00 ms.
Initialize engine version: 2020.3.34f1 (9a4c9c70452b)
[Subsystems] Discovering subsystems at path C:/Program Files/Unity/Hub/Editor/2020.3.34f1/Editor/Data/Resources/UnitySubsystems
[Subsystems] Discovering subsystems at path C:/Users/werew/Desktop/Splat World/Splat-World-Beta/SplatWorld/Assets
GfxDevice: creating device client; threaded=0
Direct3D:
    Version:  Direct3D 11.0 [level 11.1]
    Renderer: NVIDIA GeForce GTX 1050 Ti (ID=0x1c8c)
    Vendor:   
    VRAM:     4019 MB
    Driver:   30.0.15.1272
Initialize mono
Mono path[0] = 'C:/Program Files/Unity/Hub/Editor/2020.3.34f1/Editor/Data/Managed'
Mono path[1] = 'C:/Program Files/Unity/Hub/Editor/2020.3.34f1/Editor/Data/MonoBleedingEdge/lib/mono/unityjit'
Mono config path = 'C:/Program Files/Unity/Hub/Editor/2020.3.34f1/Editor/Data/MonoBleedingEdge/etc'
Using monoOptions --debugger-agent=transport=dt_socket,embedding=1,server=y,suspend=n,address=127.0.0.1:56768
Begin MonoManager ReloadAssembly
Registering precompiled unity dll's ...
Register platform support module: C:/Program Files/Unity/Hub/Editor/2020.3.34f1/Editor/Data/PlaybackEngines/WindowsStandaloneSupport/UnityEditor.WindowsStandalone.Extensions.dll
Registered in 0.003459 seconds.
Native extension for WindowsStandalone target not found
Refreshing native plugins compatible for Editor in 40.85 ms, found 2 plugins.
Preloading 0 native plugins for Editor in 0.00 ms.
Mono: successfully reloaded assembly
- Completed reload, in  0.685 seconds
Domain Reload Profiling:
	ReloadAssembly (685ms)
		BeginReloadAssembly (103ms)
			ExecutionOrderSort (0ms)
			DisableScriptedObjects (0ms)
			BackupInstance (0ms)
			ReleaseScriptingObjects (0ms)
			CreateAndSetChildDomain (1ms)
		EndReloadAssembly (506ms)
			LoadAssemblies (101ms)
			RebuildTransferFunctionScriptingTraits (1ms)
			SetupTypeCache (169ms)
			ReleaseScriptCaches (0ms)
			RebuildScriptCaches (30ms)
			SetupLoadedEditorAssemblies (188ms)
				LogAssemblyErrors (0ms)
				InitializePlatformSupportModulesInManaged (4ms)
				SetLoadedEditorAssemblies (0ms)
				RefreshPlugins (41ms)
				BeforeProcessingInitializeOnLoad (20ms)
				ProcessInitializeOnLoadAttributes (86ms)
				ProcessInitializeOnLoadMethodAttributes (36ms)
				AfterProcessingInitializeOnLoad (0ms)
				EditorAssembliesLoaded (0ms)
			ExecutionOrderSort2 (0ms)
			AwakeInstancesAfterBackupRestoration (0ms)
Platform modules already initialized, skipping
Registering precompiled user dll's ...
Registered in 0.012029 seconds.
Begin MonoManager ReloadAssembly
Native extension for WindowsStandalone target not found
Refreshing native plugins compatible for Editor in 0.62 ms, found 2 plugins.
Preloading 0 native plugins for Editor in 0.00 ms.
Mono: successfully reloaded assembly
- Completed reload, in  1.237 seconds
Domain Reload Profiling:
	ReloadAssembly (1238ms)
		BeginReloadAssembly (165ms)
			ExecutionOrderSort (0ms)
			DisableScriptedObjects (6ms)
			BackupInstance (0ms)
			ReleaseScriptingObjects (0ms)
			CreateAndSetChildDomain (23ms)
		EndReloadAssembly (994ms)
			LoadAssemblies (185ms)
			RebuildTransferFunctionScriptingTraits (0ms)
			SetupTypeCache (337ms)
			ReleaseScriptCaches (0ms)
			RebuildScriptCaches (47ms)
			SetupLoadedEditorAssemblies (346ms)
				LogAssemblyErrors (0ms)
				InitializePlatformSupportModulesInManaged (5ms)
				SetLoadedEditorAssemblies (1ms)
				RefreshPlugins (1ms)
				BeforeProcessingInitializeOnLoad (95ms)
				ProcessInitializeOnLoadAttributes (219ms)
				ProcessInitializeOnLoadMethodAttributes (20ms)
				AfterProcessingInitializeOnLoad (5ms)
				EditorAssembliesLoaded (0ms)
			ExecutionOrderSort2 (0ms)
			AwakeInstancesAfterBackupRestoration (2ms)
Platform modules already initialized, skipping
========================================================================
Worker process is ready to serve import requests
Launched and connected shader compiler UnityShaderCompiler.exe after 0.07 seconds
Refreshing native plugins compatible for Editor in 1.62 ms, found 2 plugins.
Preloading 0 native plugins for Editor in 0.00 ms.
Unloading 2388 Unused Serialized files (Serialized files now loaded: 0)
System memory in use before: 96.8 MB.
System memory in use after: 96.9 MB.

Unloading 44 unused Assets to reduce memory usage. Loaded Objects now: 2796.
Total: 5.245600 ms (FindLiveObjects: 0.213400 ms CreateObjectMapping: 0.136000 ms MarkObjects: 4.790900 ms  DeleteObjects: 0.103800 ms)

AssetImportParameters requested are different than current active one (requested -> active):
  custom:framework-win-MediaFoundation: 216162199b28c13a410421893ffa2e32 -> 
  custom:video-decoder-ogg-theora: a1e56fd34408186e4bbccfd4996cb3dc -> 
  custom:container-muxer-webm: aa71ff27fc2769a1b78a27578f13a17b -> 
  custom:container-demuxer-webm: 4f35f7cbe854078d1ac9338744f61a02 -> 
  custom:container-demuxer-ogg: 62fdf1f143b41e24485cea50d1cbac27 -> 
  custom:video-encoder-webm-vp8: eb34c28f22e8b96e1ab97ce403110664 -> 
  custom:video-codec-MediaFoundation-h265: 746d11721c4dcdbdad8f713fa42b33f4 -> 
  custom:video-decoder-webm-vp8: 9c59270c3fd7afecdb556c50c9e8de78 -> 
  custom:audio-decoder-ogg-vorbis: bf7c407c2cedff20999df2af8eb42d56 -> 
  custom:audio-encoder-webm-vorbis: bf7c407c2cedff20999df2af8eb42d56 -> 
========================================================================
Received Import Request.
  path: Assets/Resources
  artifactKey: Guid(59b68935e151e2246aa029e1623812fd) Importer(815301076,1909f56bfc062723c751e8b465ee728b)
Start importing Assets/Resources using Guid(59b68935e151e2246aa029e1623812fd) Importer(815301076,1909f56bfc062723c751e8b465ee728b)  -> (artifact id: '73ffff388f8a8302cd66803cc36e2b40') in 0.031125 seconds 
========================================================================
Received Import Request.
  Time since last request: 12.784141 seconds.
  path: Assets/Resources/ARDK
  artifactKey: Guid(a4b411df38754bd44b76901e0793fbcc) Importer(815301076,1909f56bfc062723c751e8b465ee728b)
Start importing Assets/Resources/ARDK using Guid(a4b411df38754bd44b76901e0793fbcc) Importer(815301076,1909f56bfc062723c751e8b465ee728b)  -> (artifact id: 'eda5aee354f99dbfe3e36732cec7134b') in 0.013941 seconds 
========================================================================
Received Import Request.
  Time since last request: 20.984150 seconds.
  path: Assets/Resources/ARDK/ArdkAuthConfig.asset
  artifactKey: Guid(1736dc2afebf37e418ea4b4fa3377279) Importer(815301076,1909f56bfc062723c751e8b465ee728b)
Start importing Assets/Resources/ARDK/ArdkAuthConfig.asset using Guid(1736dc2afebf37e418ea4b4fa3377279) Importer(815301076,1909f56bfc062723c751e8b465ee728b)  -> (artifact id: 'd21522065507ce9516149889c88c5751') in 0.047601 seconds 
========================================================================
Received Import Request.
  Time since last request: 189.661782 seconds.
  path: ProjectSettings/TagManager.asset
  artifactKey: Guid(00000000000000003000000000000000) Importer(815301076,1909f56bfc062723c751e8b465ee728b)
Start importing ProjectSettings/TagManager.asset using Guid(00000000000000003000000000000000) Importer(815301076,1909f56bfc062723c751e8b465ee728b)  -> (artifact id: 'ce6a35c3cddc746e7501c0bd0ed6d4ce') in 0.013321 seconds 
========================================================================
Received Import Request.
  Time since last request: 31.214300 seconds.
  path: Assets/Resources/ARDK/ArdkAuthConfig.asset
  artifactKey: Guid(1736dc2afebf37e418ea4b4fa3377279) Importer(815301076,1909f56bfc062723c751e8b465ee728b)
Start importing Assets/Resources/ARDK/ArdkAuthConfig.asset using Guid(1736dc2afebf37e418ea4b4fa3377279) Importer(815301076,1909f56bfc062723c751e8b465ee728b)  -> (artifact id: '3a3a5449dcc182b3102aea02c886239c') in 0.004471 seconds 
========================================================================
Received Import Request.
  Time since last request: 11.900568 seconds.
  path: Assets/Scenes/SampleScene.unity
  artifactKey: Guid(9fc0d4010bbf28b4594072e72b8655ab) Importer(815301076,1909f56bfc062723c751e8b465ee728b)
Start importing Assets/Scenes/SampleScene.unity using Guid(9fc0d4010bbf28b4594072e72b8655ab) Importer(815301076,1909f56bfc062723c751e8b465ee728b)  -> (artifact id: 'b3bf2d94f559a299b7e5581180544155') in 0.013665 seconds 
========================================================================
Received Import Request.
  Time since last request: 14.765254 seconds.
  path: Assets/Scenes/Debug.unity
  artifactKey: Guid(9fc0d4010bbf28b4594072e72b8655ab) Importer(815301076,1909f56bfc062723c751e8b465ee728b)
Start importing Assets/Scenes/Debug.unity using Guid(9fc0d4010bbf28b4594072e72b8655ab) Importer(815301076,1909f56bfc062723c751e8b465ee728b)  -> (artifact id: '8a74ea66d9e353a65a9f729285e5cfce') in 0.019356 seconds 
========================================================================
Received Import Request.
  Time since last request: 7.024524 seconds.
  path: Assets
  artifactKey: Guid(00000000000000001000000000000000) Importer(815301076,1909f56bfc062723c751e8b465ee728b)
Start importing Assets using Guid(00000000000000001000000000000000) Importer(815301076,1909f56bfc062723c751e8b465ee728b)  -> (artifact id: '42d402b061de3733987d63b9cc3b64de') in 0.013444 seconds 
========================================================================
Received Import Request.
  Time since last request: 5.926781 seconds.
  path: Assets/Scripts
  artifactKey: Guid(66513f68fc33e2748aa98bccee297170) Importer(815301076,1909f56bfc062723c751e8b465ee728b)
Start importing Assets/Scripts using Guid(66513f68fc33e2748aa98bccee297170) Importer(815301076,1909f56bfc062723c751e8b465ee728b)  -> (artifact id: '71861388fe004fecf74b56cdf97ac2b0') in 0.015917 seconds 
========================================================================
Received Import Request.
  Time since last request: 1.952555 seconds.
  path: Assets/Editor
  artifactKey: Guid(9a2df797eb7ea8e44843144af9429b99) Importer(815301076,1909f56bfc062723c751e8b465ee728b)
Start importing Assets/Editor using Guid(9a2df797eb7ea8e44843144af9429b99) Importer(815301076,1909f56bfc062723c751e8b465ee728b)  -> (artifact id: '0444d6da485580535437c8f7bfc283a6') in 0.013046 seconds 
========================================================================
Received Import Request.
  Time since last request: 264.796908 seconds.
  path: Assets/ARDK
  artifactKey: Guid(491ea2f1ffc9b4b679df5a08e3ae8cc5) Importer(815301076,1909f56bfc062723c751e8b465ee728b)
Start importing Assets/ARDK using Guid(491ea2f1ffc9b4b679df5a08e3ae8cc5) Importer(815301076,1909f56bfc062723c751e8b465ee728b)  -> (artifact id: '95c51c7ae6ef063b007fdb1f6079940d') in 0.003836 seconds 
========================================================================
Received Import Request.
  Time since last request: 0.637222 seconds.
  path: Assets/ARDK/ARDK.asmdef
  artifactKey: Guid(f3cc28278c88a4b43ae1ec99ea44ed56) Importer(815301076,1909f56bfc062723c751e8b465ee728b)
Start importing Assets/ARDK/ARDK.asmdef using Guid(f3cc28278c88a4b43ae1ec99ea44ed56) Importer(815301076,1909f56bfc062723c751e8b465ee728b)  -> (artifact id: '73a79727cee451910841106532acdce7') in 0.005444 seconds 
========================================================================
Received Import Request.
  Time since last request: 1.202014 seconds.
  path: Assets/ARDK/Extensions
  artifactKey: Guid(f73b53aaf635c4d4fb291cbd3cf15823) Importer(815301076,1909f56bfc062723c751e8b465ee728b)
Start importing Assets/ARDK/Extensions using Guid(f73b53aaf635c4d4fb291cbd3cf15823) Importer(815301076,1909f56bfc062723c751e8b465ee728b)  -> (artifact id: '72121d973c6fad28d1cff3e272eabec4') in 0.013020 seconds 
========================================================================
Received Import Request.
  Time since last request: 0.050922 seconds.
  path: Assets/ARDK/Extensions/FacePrefab.prefab
  artifactKey: Guid(1a351732d8dee472583b34d9c7b634a6) Importer(815301076,1909f56bfc062723c751e8b465ee728b)
Start importing Assets/ARDK/Extensions/FacePrefab.prefab using Guid(1a351732d8dee472583b34d9c7b634a6) Importer(815301076,1909f56bfc062723c751e8b465ee728b)  -> (artifact id: '4fa21b498547f4f224e19e131396160c') in 0.032416 seconds 
========================================================================
Received Import Request.
  Time since last request: 1.522955 seconds.
  path: Assets/ARDK/Extensions/Meshing
  artifactKey: Guid(7bf738719bcd48329b2fd7f8b463f61c) Importer(815301076,1909f56bfc062723c751e8b465ee728b)
Start importing Assets/ARDK/Extensions/Meshing using Guid(7bf738719bcd48329b2fd7f8b463f61c) Importer(815301076,1909f56bfc062723c751e8b465ee728b)  -> (artifact id: '2c1e7ff9164403ff904df15675845922') in 0.012156 seconds 
========================================================================
Received Import Request.
  Time since last request: 0.046062 seconds.
  path: Assets/ARDK/Extensions/Meshing/ARMesh.prefab
  artifactKey: Guid(9f82ecc5afc3c4c2695d9cf37d46f25c) Importer(815301076,1909f56bfc062723c751e8b465ee728b)
Start importing Assets/ARDK/Extensions/Meshing/ARMesh.prefab using Guid(9f82ecc5afc3c4c2695d9cf37d46f25c) Importer(815301076,1909f56bfc062723c751e8b465ee728b)  -> (artifact id: 'c1cd36ea6ce6b87a3adc72c20e40351b') in 0.019357 seconds 
========================================================================
Received Import Request.
  Time since last request: 0.000318 seconds.
  path: Assets/ARDK/Extensions/Meshing/MeshColliderChunk.prefab
  artifactKey: Guid(99a6454115a034b2e9add187cf73f9eb) Importer(815301076,1909f56bfc062723c751e8b465ee728b)
Start importing Assets/ARDK/Extensions/Meshing/MeshColliderChunk.prefab using Guid(99a6454115a034b2e9add187cf73f9eb) Importer(815301076,1909f56bfc062723c751e8b465ee728b)  -> (artifact id: '25f2b27d43bd9fc797f555b95bb07df8') in 0.012823 seconds 
========================================================================
Received Import Request.
  Time since last request: 0.000322 seconds.
  path: Assets/ARDK/Extensions/Meshing/MeshChunk.prefab
  artifactKey: Guid(b79f4734d3e2462186a55d546e80cfb4) Importer(815301076,1909f56bfc062723c751e8b465ee728b)
Start importing Assets/ARDK/Extensions/Meshing/MeshChunk.prefab using Guid(b79f4734d3e2462186a55d546e80cfb4) Importer(815301076,1909f56bfc062723c751e8b465ee728b)  -> (artifact id: '8271dadc41420fe549742552e172139f') in 0.011094 seconds 
========================================================================
Received Import Request.
  Time since last request: 1.131477 seconds.
  path: Assets/ARDK/Extensions/Meshing/ARMeshManager.cs
  artifactKey: Guid(e03b458a9fbbf4cc18d8fd737e2a215e) Importer(815301076,1909f56bfc062723c751e8b465ee728b)
Start importing Assets/ARDK/Extensions/Meshing/ARMeshManager.cs using Guid(e03b458a9fbbf4cc18d8fd737e2a215e) Importer(815301076,1909f56bfc062723c751e8b465ee728b)  -> (artifact id: 'a0a85e72d45ea73bd25f770d63ea615d') in 0.027578 seconds 
========================================================================
Received Prepare
Registering precompiled user dll's ...
Registered in 0.003814 seconds.
Begin MonoManager ReloadAssembly
Native extension for WindowsStandalone target not found
Refreshing native plugins compatible for Editor in 0.58 ms, found 2 plugins.
Preloading 0 native plugins for Editor in 0.00 ms.
Mono: successfully reloaded assembly
- Completed reload, in  0.991 seconds
Domain Reload Profiling:
	ReloadAssembly (991ms)
		BeginReloadAssembly (115ms)
			ExecutionOrderSort (0ms)
			DisableScriptedObjects (7ms)
			BackupInstance (0ms)
			ReleaseScriptingObjects (0ms)
			CreateAndSetChildDomain (39ms)
		EndReloadAssembly (813ms)
			LoadAssemblies (87ms)
			RebuildTransferFunctionScriptingTraits (0ms)
			SetupTypeCache (298ms)
			ReleaseScriptCaches (1ms)
			RebuildScriptCaches (42ms)
			SetupLoadedEditorAssemblies (290ms)
				LogAssemblyErrors (0ms)
				InitializePlatformSupportModulesInManaged (4ms)
				SetLoadedEditorAssemblies (0ms)
				RefreshPlugins (1ms)
				BeforeProcessingInitializeOnLoad (85ms)
				ProcessInitializeOnLoadAttributes (182ms)
				ProcessInitializeOnLoadMethodAttributes (13ms)
				AfterProcessingInitializeOnLoad (4ms)
				EditorAssembliesLoaded (0ms)
			ExecutionOrderSort2 (0ms)
			AwakeInstancesAfterBackupRestoration (2ms)
Platform modules already initialized, skipping
Switching build target platform(19) subTarget(0) extendedPlatform(0) -> platform(13) subTarget(537395200) extendedPlatform(0)
Refreshing native plugins compatible for Editor in 0.59 ms, found 2 plugins.
Preloading 0 native plugins for Editor in 0.00 ms.
Unloading 2366 Unused Serialized files (Serialized files now loaded: 0)
System memory in use before: 94.7 MB.
System memory in use after: 94.8 MB.

Unloading 40 unused Assets to reduce memory usage. Loaded Objects now: 2799.
Total: 2.876000 ms (FindLiveObjects: 0.206500 ms CreateObjectMapping: 0.089600 ms MarkObjects: 2.510200 ms  DeleteObjects: 0.068400 ms)

AssetImportParameters requested are different than current active one (requested -> active):
  custom:framework-win-MediaFoundation: 216162199b28c13a410421893ffa2e32 -> 
  custom:video-decoder-ogg-theora: a1e56fd34408186e4bbccfd4996cb3dc -> 
  custom:container-muxer-webm: aa71ff27fc2769a1b78a27578f13a17b -> 
  custom:container-demuxer-webm: 4f35f7cbe854078d1ac9338744f61a02 -> 
  custom:container-demuxer-ogg: 62fdf1f143b41e24485cea50d1cbac27 -> 
  custom:video-encoder-webm-vp8: eb34c28f22e8b96e1ab97ce403110664 -> 
  custom:video-codec-MediaFoundation-h265: 746d11721c4dcdbdad8f713fa42b33f4 -> 
  custom:video-decoder-webm-vp8: 9c59270c3fd7afecdb556c50c9e8de78 -> 
  custom:graphics/normal-map-encoding: 01000000000000000000000000000000 -> 02000000000000000000000000000000
  custom:audio-decoder-ogg-vorbis: bf7c407c2cedff20999df2af8eb42d56 -> 
  custom:audio-encoder-webm-vorbis: bf7c407c2cedff20999df2af8eb42d56 -> 
AssetImportWorkerClient::OnTransportError - code=2 error=End of file
